<?xml version="1.0" encoding="UTF-8"?>
<!-- Generated by org.testng.reporters.JUnitReportReporter -->
<testsuite hostname="OSIT-L-0463" name="packageOne.ClassOne" tests="2" failures="0" timestamp="1 Feb 2017 07:11:27 GMT" time="0.009" errors="0">
  <testcase name="testThree" time="0.002" classname="packageOne.ClassOne"/>
  <testcase name="testOne" time="0.007" classname="packageOne.ClassOne"/>
</testsuite> <!-- packageOne.ClassOne -->
